Drill report for D:\MOD\Projetos\MOD-Duo\mod-eletronica-duo\Duo_Audio_HMI_Prototype1\Duo_Audio_HMI_RearPannel_MODuino_Prototype1.kicad_pcb
Created on 14/04/2014 03:28:39
Drill report for plated through holes :
T1  0,30mm  0,012"  (133 holes)
T2  0,38mm  0,015"  (137 holes)
T3  0,60mm  0,024"  (50 holes)
T4  0,61mm  0,024"  (8 holes)
T5  0,64mm  0,025"  (173 holes)
T6  0,70mm  0,028"  (118 holes)
T7  0,75mm  0,030"  (24 holes)
T8  0,80mm  0,031"  (15 holes)
T9  0,81mm  0,032"  (101 holes)
T10  0,89mm  0,035"  (48 holes)
T11  0,95mm  0,037"  (76 holes)
T12  1,00mm  0,039"  (10 holes)
T13  1,02mm  0,040"  (558 holes)
T14  1,14mm  0,045"  (4 holes)
T15  1,20mm  0,047"  (7 holes)  (with 3 slots)
T16  1,30mm  0,051"  (14 holes)
T17  1,35mm  0,053"  (4 holes)
T18  1,50mm  0,059"  (24 holes)
T19  1,80mm  0,071"  (4 holes)
T20  1,85mm  0,073"  (2 holes)
T21  2,40mm  0,094"  (8 holes)
T22  3,00mm  0,118"  (4 holes)
T23  3,20mm  0,126"  (2 holes)
T24  3,25mm  0,128"  (8 holes)
T25  3,50mm  0,138"  (8 holes)

Total plated holes count 1540


Drill report for unplated through holes :

Total unplated holes count 0


